2021-07-05 14:57:52 INFO {pso_solver} 
Solutions in 0. iteration: 
[[36.0], [32.0], [32.0, 19.0], [22.0, 19.0, 19.0], [22.0, 19.0], [34.0], [36.0], [32.0], [34.0]]
[[19.0, 34.0], [32.0, 19.0], [36.0], [36.0, 19.0], [22.0, 34.0], [22.0, 32.0], [32.0, 19.0]]
[[32.0], [36.0, 22.0], [32.0, 19.0], [19.0, 32.0], [22.0, 19.0], [34.0], [34.0, 19.0], [36.0]]
[[32.0, 22.0], [22.0, 36.0], [19.0, 19.0, 19.0], [32.0], [34.0], [34.0], [36.0], [32.0, 19.0]]
[[32.0], [32.0, 22.0], [36.0, 19.0], [32.0, 22.0], [36.0], [34.0], [34.0, 19.0], [19.0, 19.0]]
2021-07-05 14:57:52 INFO {pso_solver} 
Best solutions in 0. iteration:
[[36.0], [32.0], [32.0, 19.0], [22.0, 19.0, 19.0], [22.0, 19.0], [34.0], [36.0], [32.0], [34.0]]
[[19.0, 34.0], [32.0, 19.0], [36.0], [36.0, 19.0], [22.0, 34.0], [22.0, 32.0], [32.0, 19.0]]
[[32.0], [36.0, 22.0], [32.0, 19.0], [19.0, 32.0], [22.0, 19.0], [34.0], [34.0, 19.0], [36.0]]
[[32.0, 22.0], [22.0, 36.0], [19.0, 19.0, 19.0], [32.0], [34.0], [34.0], [36.0], [32.0, 19.0]]
[[32.0], [32.0, 22.0], [36.0, 19.0], [32.0, 22.0], [36.0], [34.0], [34.0, 19.0], [19.0, 19.0]]
2021-07-05 14:57:52 INFO {pso_solver} 
Best costs in 0. iteration:
[9. 7. 8. 8. 8.]
2021-07-05 14:57:52 INFO {pso_solver} 
Solutions in 1. iteration:
[[36.0], [36.0], [32.0], [32.0, 19.0], [34.0], [32.0, 22.0], [19.0, 22.0, 19.0], [34.0, 19.0]]
[[36.0, 19.0], [34.0], [32.0], [32.0], [36.0, 19.0], [19.0, 19.0], [34.0, 22.0], [32.0, 22.0]]
[[36.0, 22.0], [32.0, 19.0], [34.0, 19.0], [34.0, 19.0], [32.0, 19.0], [22.0, 36.0], [32.0]]
[[36.0], [32.0, 22.0], [36.0], [32.0, 19.0], [19.0, 19.0], [34.0], [34.0, 22.0], [32.0, 19.0]]
[[22.0, 32.0], [22.0, 36.0], [19.0, 32.0], [36.0], [32.0, 19.0], [34.0], [34.0, 19.0], [19.0]]
2021-07-05 14:57:52 INFO {pso_solver} 
Best solutions in 1. iteration:
[[36.0], [36.0], [32.0], [32.0, 19.0], [34.0], [32.0, 22.0], [19.0, 22.0, 19.0], [34.0, 19.0]]
[[19.0, 34.0], [32.0, 19.0], [36.0], [36.0, 19.0], [22.0, 34.0], [22.0, 32.0], [32.0, 19.0]]
[[36.0, 22.0], [32.0, 19.0], [34.0, 19.0], [34.0, 19.0], [32.0, 19.0], [22.0, 36.0], [32.0]]
[[32.0, 22.0], [22.0, 36.0], [19.0, 19.0, 19.0], [32.0], [34.0], [34.0], [36.0], [32.0, 19.0]]
[[32.0], [32.0, 22.0], [36.0, 19.0], [32.0, 22.0], [36.0], [34.0], [34.0, 19.0], [19.0, 19.0]]
2021-07-05 14:57:52 INFO {pso_solver} 
Best costs in 1. iteration:
[8. 7. 7. 8. 8.]
2021-07-05 14:57:52 INFO {pso_solver} 
Solutions in 2. iteration:
[[34.0, 19.0], [36.0], [32.0], [32.0, 19.0], [32.0, 19.0], [22.0, 34.0], [36.0, 22.0], [19.0]]
[[22.0, 19.0], [36.0], [32.0], [32.0], [36.0, 19.0], [19.0, 34.0], [19.0, 34.0], [32.0, 22.0]]
[[36.0, 22.0], [22.0, 19.0], [32.0], [34.0, 19.0], [34.0, 19.0], [36.0], [32.0], [32.0, 19.0]]
[[32.0, 19.0], [22.0, 36.0], [32.0, 19.0], [19.0, 22.0], [36.0], [34.0], [34.0], [32.0, 19.0]]
[[22.0, 34.0], [19.0, 36.0], [34.0, 22.0], [36.0], [32.0], [32.0, 19.0], [32.0, 19.0], [19.0]]
2021-07-05 14:57:52 INFO {pso_solver} 
Best solutions in 2. iteration:
[[36.0], [36.0], [32.0], [32.0, 19.0], [34.0], [32.0, 22.0], [19.0, 22.0, 19.0], [34.0, 19.0]]
[[19.0, 34.0], [32.0, 19.0], [36.0], [36.0, 19.0], [22.0, 34.0], [22.0, 32.0], [32.0, 19.0]]
[[36.0, 22.0], [32.0, 19.0], [34.0, 19.0], [34.0, 19.0], [32.0, 19.0], [22.0, 36.0], [32.0]]
[[32.0, 22.0], [22.0, 36.0], [19.0, 19.0, 19.0], [32.0], [34.0], [34.0], [36.0], [32.0, 19.0]]
[[32.0], [32.0, 22.0], [36.0, 19.0], [32.0, 22.0], [36.0], [34.0], [34.0, 19.0], [19.0, 19.0]]
2021-07-05 14:57:52 INFO {pso_solver} 
Best costs in 2. iteration:
[8. 7. 7. 8. 8.]
2021-07-05 14:57:52 INFO {pso_solver} 
Solutions in 3. iteration:
[[32.0], [32.0], [34.0, 19.0], [34.0, 22.0], [32.0, 19.0], [36.0, 19.0], [22.0, 36.0], [19.0]]
[[19.0, 32.0], [36.0], [36.0, 19.0], [34.0], [32.0, 22.0], [19.0, 19.0, 22.0], [34.0], [32.0]]
[[19.0, 19.0], [32.0, 22.0], [19.0, 32.0], [34.0, 22.0], [36.0, 19.0], [34.0], [36.0], [32.0]]
[[19.0, 36.0], [34.0, 22.0], [32.0, 19.0], [36.0, 19.0], [22.0, 32.0], [32.0], [34.0, 19.0]]
[[22.0, 36.0], [32.0], [34.0], [36.0, 22.0], [32.0, 19.0], [34.0], [32.0, 19.0], [19.0, 19.0]]
2021-07-05 14:57:52 INFO {pso_solver} 
Best solutions in 3. iteration:
[[36.0], [36.0], [32.0], [32.0, 19.0], [34.0], [32.0, 22.0], [19.0, 22.0, 19.0], [34.0, 19.0]]
[[19.0, 34.0], [32.0, 19.0], [36.0], [36.0, 19.0], [22.0, 34.0], [22.0, 32.0], [32.0, 19.0]]
[[36.0, 22.0], [32.0, 19.0], [34.0, 19.0], [34.0, 19.0], [32.0, 19.0], [22.0, 36.0], [32.0]]
[[19.0, 36.0], [34.0, 22.0], [32.0, 19.0], [36.0, 19.0], [22.0, 32.0], [32.0], [34.0, 19.0]]
[[32.0], [32.0, 22.0], [36.0, 19.0], [32.0, 22.0], [36.0], [34.0], [34.0, 19.0], [19.0, 19.0]]
2021-07-05 14:57:52 INFO {pso_solver} 
Best costs in 3. iteration:
[8. 7. 7. 7. 8.]
2021-07-05 14:57:52 INFO {pso_solver} 
Solutions in 4. iteration:
[[32.0], [36.0], [34.0], [34.0, 19.0], [22.0, 32.0], [32.0, 19.0], [22.0, 19.0], [36.0, 19.0]]
[[32.0, 19.0], [36.0], [32.0, 19.0], [19.0, 36.0], [22.0, 22.0], [32.0], [34.0], [34.0, 19.0]]
[[34.0, 19.0], [22.0, 32.0], [34.0, 19.0], [32.0, 22.0], [36.0, 19.0], [36.0, 19.0], [32.0]]
[[36.0, 22.0], [19.0, 32.0], [36.0, 19.0], [22.0, 19.0], [32.0], [32.0], [34.0], [34.0, 19.0]]
[[36.0, 22.0], [22.0, 36.0], [34.0], [32.0, 19.0], [32.0, 19.0], [32.0, 19.0], [34.0, 19.0]]
2021-07-05 14:57:52 INFO {pso_solver} 
Best solutions in 4. iteration:
[[36.0], [36.0], [32.0], [32.0, 19.0], [34.0], [32.0, 22.0], [19.0, 22.0, 19.0], [34.0, 19.0]]
[[19.0, 34.0], [32.0, 19.0], [36.0], [36.0, 19.0], [22.0, 34.0], [22.0, 32.0], [32.0, 19.0]]
[[36.0, 22.0], [32.0, 19.0], [34.0, 19.0], [34.0, 19.0], [32.0, 19.0], [22.0, 36.0], [32.0]]
[[19.0, 36.0], [34.0, 22.0], [32.0, 19.0], [36.0, 19.0], [22.0, 32.0], [32.0], [34.0, 19.0]]
[[36.0, 22.0], [22.0, 36.0], [34.0], [32.0, 19.0], [32.0, 19.0], [32.0, 19.0], [34.0, 19.0]]
2021-07-05 14:57:52 INFO {pso_solver} 
Best costs in 4. iteration:
[8. 7. 7. 7. 7.]
2021-07-05 14:57:52 INFO {pso_solver} 
Solutions in 5. iteration:
[[36.0, 19.0], [34.0, 19.0], [34.0, 22.0], [22.0, 19.0], [32.0], [32.0], [36.0], [32.0, 19.0]]
[[19.0, 19.0], [32.0], [32.0], [36.0], [36.0], [32.0, 22.0], [34.0, 22.0], [19.0, 34.0], [19.0]]
[[22.0, 19.0, 19.0], [32.0, 19.0], [34.0], [36.0], [32.0], [34.0, 19.0], [22.0, 32.0], [36.0]]
[[22.0, 32.0], [19.0, 19.0], [36.0], [36.0], [34.0], [32.0, 19.0], [32.0, 22.0], [34.0, 19.0]]
[[34.0, 22.0], [36.0], [32.0, 22.0], [34.0], [36.0, 19.0], [32.0], [32.0, 19.0], [19.0, 19.0]]
2021-07-05 14:57:52 INFO {pso_solver} 
Best solutions in 5. iteration:
[[36.0], [36.0], [32.0], [32.0, 19.0], [34.0], [32.0, 22.0], [19.0, 22.0, 19.0], [34.0, 19.0]]
[[19.0, 34.0], [32.0, 19.0], [36.0], [36.0, 19.0], [22.0, 34.0], [22.0, 32.0], [32.0, 19.0]]
[[36.0, 22.0], [32.0, 19.0], [34.0, 19.0], [34.0, 19.0], [32.0, 19.0], [22.0, 36.0], [32.0]]
[[19.0, 36.0], [34.0, 22.0], [32.0, 19.0], [36.0, 19.0], [22.0, 32.0], [32.0], [34.0, 19.0]]
[[36.0, 22.0], [22.0, 36.0], [34.0], [32.0, 19.0], [32.0, 19.0], [32.0, 19.0], [34.0, 19.0]]
2021-07-05 14:57:52 INFO {pso_solver} 
Best costs in 5. iteration:
[8. 7. 7. 7. 7.]
2021-07-05 14:57:52 INFO {pso_solver} 
Solutions in 6. iteration:
[[19.0, 22.0], [34.0], [32.0, 19.0], [36.0], [36.0, 22.0], [32.0], [34.0], [32.0, 19.0], [19.0]]
[[19.0, 32.0], [36.0], [36.0], [32.0], [34.0, 22.0], [22.0, 19.0, 19.0], [34.0, 19.0], [32.0]]
[[34.0], [36.0, 19.0], [19.0, 32.0], [19.0, 19.0], [34.0], [32.0], [36.0, 22.0], [32.0, 22.0]]
[[32.0, 22.0], [32.0, 22.0], [19.0, 19.0], [34.0], [36.0], [32.0, 19.0], [36.0], [34.0, 19.0]]
[[34.0, 22.0], [22.0, 32.0], [32.0], [34.0], [36.0, 19.0], [32.0], [36.0, 19.0], [19.0, 19.0]]
2021-07-05 14:57:52 INFO {pso_solver} 
Best solutions in 6. iteration:
[[36.0], [36.0], [32.0], [32.0, 19.0], [34.0], [32.0, 22.0], [19.0, 22.0, 19.0], [34.0, 19.0]]
[[19.0, 34.0], [32.0, 19.0], [36.0], [36.0, 19.0], [22.0, 34.0], [22.0, 32.0], [32.0, 19.0]]
[[36.0, 22.0], [32.0, 19.0], [34.0, 19.0], [34.0, 19.0], [32.0, 19.0], [22.0, 36.0], [32.0]]
[[19.0, 36.0], [34.0, 22.0], [32.0, 19.0], [36.0, 19.0], [22.0, 32.0], [32.0], [34.0, 19.0]]
[[36.0, 22.0], [22.0, 36.0], [34.0], [32.0, 19.0], [32.0, 19.0], [32.0, 19.0], [34.0, 19.0]]
2021-07-05 14:57:52 INFO {pso_solver} 
Best costs in 6. iteration:
[8. 7. 7. 7. 7.]
2021-07-05 14:57:52 INFO {pso_solver} 
Solutions in 7. iteration:
[[22.0, 19.0], [32.0], [36.0, 19.0], [34.0], [32.0, 19.0], [32.0], [36.0, 22.0], [34.0, 19.0]]
[[32.0, 22.0], [32.0, 19.0], [19.0, 32.0], [36.0], [34.0], [36.0, 22.0], [19.0, 34.0], [19.0]]
[[36.0, 22.0], [19.0, 34.0], [19.0, 32.0], [19.0, 36.0], [32.0, 22.0], [32.0, 19.0], [34.0]]
[[22.0, 19.0], [22.0, 19.0], [32.0, 19.0], [34.0], [36.0], [32.0], [32.0], [36.0], [34.0, 19.0]]
[[34.0], [32.0, 22.0], [32.0, 22.0], [32.0], [36.0], [34.0, 19.0], [36.0, 19.0], [19.0, 19.0]]
2021-07-05 14:57:52 INFO {pso_solver} 
Best solutions in 7. iteration:
[[36.0], [36.0], [32.0], [32.0, 19.0], [34.0], [32.0, 22.0], [19.0, 22.0, 19.0], [34.0, 19.0]]
[[19.0, 34.0], [32.0, 19.0], [36.0], [36.0, 19.0], [22.0, 34.0], [22.0, 32.0], [32.0, 19.0]]
[[36.0, 22.0], [32.0, 19.0], [34.0, 19.0], [34.0, 19.0], [32.0, 19.0], [22.0, 36.0], [32.0]]
[[19.0, 36.0], [34.0, 22.0], [32.0, 19.0], [36.0, 19.0], [22.0, 32.0], [32.0], [34.0, 19.0]]
[[36.0, 22.0], [22.0, 36.0], [34.0], [32.0, 19.0], [32.0, 19.0], [32.0, 19.0], [34.0, 19.0]]
2021-07-05 14:57:52 INFO {pso_solver} 
Best costs in 7. iteration:
[8. 7. 7. 7. 7.]
2021-07-05 14:57:52 INFO {pso_solver} 
Solutions in 8. iteration:
[[19.0, 32.0], [36.0, 22.0], [19.0, 34.0], [19.0, 32.0], [34.0], [36.0, 22.0], [32.0, 19.0]]
[[19.0, 22.0], [32.0, 19.0], [32.0], [36.0, 22.0], [36.0, 19.0], [19.0, 34.0], [32.0], [34.0]]
[[19.0, 22.0], [36.0, 19.0], [36.0], [32.0], [32.0], [34.0, 19.0], [34.0], [32.0, 19.0], [22.0]]
[[19.0, 19.0], [32.0], [32.0], [34.0], [36.0, 19.0], [34.0, 22.0], [32.0], [36.0, 22.0], [19.0]]
[[19.0, 32.0], [22.0, 19.0], [36.0, 19.0], [32.0, 22.0], [32.0], [34.0], [36.0], [34.0, 19.0]]
2021-07-05 14:57:52 INFO {pso_solver} 
Best solutions in 8. iteration:
[[19.0, 32.0], [36.0, 22.0], [19.0, 34.0], [19.0, 32.0], [34.0], [36.0, 22.0], [32.0, 19.0]]
[[19.0, 34.0], [32.0, 19.0], [36.0], [36.0, 19.0], [22.0, 34.0], [22.0, 32.0], [32.0, 19.0]]
[[36.0, 22.0], [32.0, 19.0], [34.0, 19.0], [34.0, 19.0], [32.0, 19.0], [22.0, 36.0], [32.0]]
[[19.0, 36.0], [34.0, 22.0], [32.0, 19.0], [36.0, 19.0], [22.0, 32.0], [32.0], [34.0, 19.0]]
[[36.0, 22.0], [22.0, 36.0], [34.0], [32.0, 19.0], [32.0, 19.0], [32.0, 19.0], [34.0, 19.0]]
2021-07-05 14:57:52 INFO {pso_solver} 
Best costs in 8. iteration:
[7. 7. 7. 7. 7.]
2021-07-05 14:57:52 INFO {pso_solver} 
Solutions in 9. iteration:
[[22.0, 19.0], [32.0, 19.0], [22.0, 36.0], [32.0], [36.0, 19.0], [34.0], [34.0], [32.0, 19.0]]
[[36.0], [34.0, 22.0], [32.0], [34.0, 19.0], [32.0], [36.0, 19.0], [19.0, 32.0], [19.0, 22.0]]
[[19.0, 22.0], [32.0], [36.0], [36.0], [34.0], [32.0], [32.0, 19.0], [19.0, 22.0, 19.0], [34.0]]
[[19.0, 32.0], [36.0], [34.0, 19.0], [32.0], [34.0], [36.0, 22.0], [22.0, 32.0], [19.0, 19.0]]
[[19.0, 22.0], [34.0], [36.0, 19.0], [22.0, 19.0], [34.0], [32.0], [32.0], [32.0], [36.0, 19.0]]
2021-07-05 14:57:52 INFO {pso_solver} 
Best solutions in 9. iteration:
[[19.0, 32.0], [36.0, 22.0], [19.0, 34.0], [19.0, 32.0], [34.0], [36.0, 22.0], [32.0, 19.0]]
[[19.0, 34.0], [32.0, 19.0], [36.0], [36.0, 19.0], [22.0, 34.0], [22.0, 32.0], [32.0, 19.0]]
[[36.0, 22.0], [32.0, 19.0], [34.0, 19.0], [34.0, 19.0], [32.0, 19.0], [22.0, 36.0], [32.0]]
[[19.0, 36.0], [34.0, 22.0], [32.0, 19.0], [36.0, 19.0], [22.0, 32.0], [32.0], [34.0, 19.0]]
[[36.0, 22.0], [22.0, 36.0], [34.0], [32.0, 19.0], [32.0, 19.0], [32.0, 19.0], [34.0, 19.0]]
2021-07-05 14:57:52 INFO {pso_solver} 
Best costs in 9. iteration:
[7. 7. 7. 7. 7.]
2021-07-05 14:57:52 INFO {pso_solver} 
Solutions in 10. iteration:
[[22.0, 19.0, 19.0], [22.0, 34.0], [36.0], [32.0], [36.0], [32.0, 19.0], [34.0], [32.0, 19.0]]
[[34.0], [32.0, 19.0], [19.0, 19.0, 22.0], [32.0], [36.0], [36.0, 22.0], [19.0, 32.0], [34.0]]
[[32.0, 22.0], [36.0, 19.0], [34.0, 19.0], [19.0, 34.0], [32.0, 19.0], [22.0, 32.0], [36.0]]
[[36.0], [32.0, 22.0], [36.0, 22.0], [32.0], [34.0], [32.0, 19.0], [19.0, 34.0], [19.0, 19.0]]
[[22.0, 32.0], [36.0], [36.0], [34.0, 19.0], [22.0, 19.0, 19.0], [32.0], [34.0], [32.0, 19.0]]
2021-07-05 14:57:52 INFO {pso_solver} 
Best solutions in last iteration:
[[19.0, 32.0], [36.0, 22.0], [19.0, 34.0], [19.0, 32.0], [34.0], [36.0, 22.0], [32.0, 19.0]]
[[19.0, 34.0], [32.0, 19.0], [36.0], [36.0, 19.0], [22.0, 34.0], [22.0, 32.0], [32.0, 19.0]]
[[36.0, 22.0], [32.0, 19.0], [34.0, 19.0], [34.0, 19.0], [32.0, 19.0], [22.0, 36.0], [32.0]]
[[19.0, 36.0], [34.0, 22.0], [32.0, 19.0], [36.0, 19.0], [22.0, 32.0], [32.0], [34.0, 19.0]]
[[36.0, 22.0], [22.0, 36.0], [34.0], [32.0, 19.0], [32.0, 19.0], [32.0, 19.0], [34.0, 19.0]]
2021-07-05 14:57:52 INFO {pso_solver} 
Best costs in last iteration:
[7. 7. 7. 7. 7.]
